-= Build HUSIS =-
-= Boot Loader for 360 KiB Floppy =-
Old-School Assembler para BIOS v1.17 [PT-BR]
 Copyright (c) 1991-2011, Venkat Iyer
 Copyright (c) 2019-2022, Humberto Costa dos Santos Junior

 Incluindo arquivo BOOT.S
-= Boot Loader for 1440 KiB Floppy =-
Old-School Assembler para BIOS v1.17 [PT-BR]
 Copyright (c) 1991-2011, Venkat Iyer
 Copyright (c) 2019-2022, Humberto Costa dos Santos Junior

 Incluindo arquivo BOOT.S
-= Project Compiler =-
Text = 3809, Data = 622, Symbols = 57, Nlist = 531, Labels = 56
-= Hello World S86 PRG =-
-= Hello World S86 COM =-
-= Hello World T3X COM =-
Text = 8694, Data = 622, Symbols = 226, Nlist = 2681, Labels = 257
-= DOS API =-
Old-School Assembler para HUSIS v1.17 [PT-BR]
 Copyright (c) 1991-2011, Venkat Iyer
 Copyright (c) 2019-2022, Humberto Costa dos Santos Junior

 Incluindo arquivo ../LIB/LIBH86.S
-= EGA Video Controller =-
Old-School Assembler para HUSIS v1.17 [PT-BR]
 Copyright (c) 1991-2011, Venkat Iyer
 Copyright (c) 2019-2022, Humberto Costa dos Santos Junior

 Incluindo arquivo VIDEOAPI.S
 Incluindo arquivo ../LIB/LIBH86.S
-= Shell =-
Text = 27202, Data = 10930, Symbols = 432, Nlist = 5819, Labels = 799
-= File Manager =-
Text = 7857, Data = 4718, Symbols = 295, Nlist = 3814, Labels = 228
-= Application Manager =-
Text = 7480, Data = 1030, Symbols = 230, Nlist = 3142, Labels = 200
-= HUSIS Kernel =-
Text = 31202, Data = 9474, Symbols = 330, Nlist = 4165, Labels = 692
